<?xml version="1.0" encoding="UTF-8"?>
<testng-results ignored="1" total="2" passed="0" failed="1" skipped="0">
  <reporter-output>
  </reporter-output>
  <suite started-at="2018-10-02T17:16:42Z" name="Default suite" finished-at="2018-10-02T17:17:09Z" duration-ms="26430">
    <groups>
    </groups>
    <test started-at="2018-10-02T17:16:42Z" name="Default test" finished-at="2018-10-02T17:17:09Z" duration-ms="26430">
      <class name="com.todoapp.qa.testcases.ManageSubTasksPageTest">
        <test-method is-config="true" signature="setUp()[pri:0, instance:com.todoapp.qa.testcases.ManageSubTasksPageTest@f2ff811]" started-at="2018-10-02T12:16:42Z" name="setUp" finished-at="2018-10-02T12:17:08Z" duration-ms="25901" status="PASS">
          <reporter-output>
          </reporter-output>
        </test-method> <!-- setUp -->
        <test-method signature="verifyItOpensANewWindow()[pri:0, instance:com.todoapp.qa.testcases.ManageSubTasksPageTest@f2ff811]" started-at="2018-10-02T12:17:08Z" name="verifyItOpensANewWindow" finished-at="2018-10-02T12:17:09Z" duration-ms="404" status="FAIL">
          <exception class="java.lang.NullPointerException">
            <full-stacktrace>
              <![CDATA[java.lang.NullPointerExceptionat com.todoapp.qa.testcases.ManageSubTasksPageTest.verifyItOpensANewWindow(ManageSubTasksPageTest.java:52)at java.base/jdk.internal.reflect.NativeMethodAccessorImpl.invoke0(Native Method)at java.base/jdk.internal.reflect.NativeMethodAccessorImpl.invoke(NativeMethodAccessorImpl.java:62)at java.base/jdk.internal.reflect.DelegatingMethodAccessorImpl.invoke(DelegatingMethodAccessorImpl.java:43)at java.base/java.lang.reflect.Method.invoke(Method.java:564)at org.testng.internal.MethodInvocationHelper.invokeMethod(MethodInvocationHelper.java:124)at org.testng.internal.Invoker.invokeMethod(Invoker.java:571)at org.testng.internal.Invoker.invokeTestMethod(Invoker.java:707)at org.testng.internal.Invoker.invokeTestMethods(Invoker.java:979)at org.testng.internal.TestMethodWorker.invokeTestMethods(TestMethodWorker.java:125)at org.testng.internal.TestMethodWorker.run(TestMethodWorker.java:109)at org.testng.TestRunner.privateRun(TestRunner.java:648)at org.testng.TestRunner.run(TestRunner.java:505)at org.testng.SuiteRunner.runTest(SuiteRunner.java:455)at org.testng.SuiteRunner.runSequentially(SuiteRunner.java:450)at org.testng.SuiteRunner.privateRun(SuiteRunner.java:415)at org.testng.SuiteRunner.run(SuiteRunner.java:364)at org.testng.SuiteRunnerWorker.runSuite(SuiteRunnerWorker.java:52)at org.testng.SuiteRunnerWorker.run(SuiteRunnerWorker.java:84)at org.testng.TestNG.runSuitesSequentially(TestNG.java:1187)at org.testng.TestNG.runSuitesLocally(TestNG.java:1116)at org.testng.TestNG.runSuites(TestNG.java:1028)at org.testng.TestNG.run(TestNG.java:996)at org.testng.remote.AbstractRemoteTestNG.run(AbstractRemoteTestNG.java:114)at org.testng.remote.RemoteTestNG.initAndRun(RemoteTestNG.java:251)at org.testng.remote.RemoteTestNG.main(RemoteTestNG.java:77)]]>
            </full-stacktrace>
          </exception> <!-- java.lang.NullPointerException -->
          <reporter-output>
          </reporter-output>
        </test-method> <!-- verifyItOpensANewWindow -->
        <test-method is-config="true" signature="tearDown()[pri:0, instance:com.todoapp.qa.testcases.ManageSubTasksPageTest@f2ff811]" started-at="2018-10-02T12:17:09Z" name="tearDown" finished-at="2018-10-02T12:17:09Z" duration-ms="90" status="PASS">
          <reporter-output>
          </reporter-output>
        </test-method> <!-- tearDown -->
      </class> <!-- com.todoapp.qa.testcases.ManageSubTasksPageTest -->
    </test> <!-- Default test -->
  </suite> <!-- Default suite -->
</testng-results>
